============================================================
YOLO DATASET GENERATOR - ЛИНЕЙНОЕ РАЗМЕЩЕНИЕ
============================================================
Фоны: results/preprocessed_20251018_191740
Объекты: data/datasets/objects-v2
Выход: data/yolo_dataset
Режим: Линии с группировкой (~2000 изображений)
Фич: Удаление белого фона объектов
============================================================
Загружено 12 объектов с масками из data/datasets/objects-v2
Загружено 3 фоновых изображений из results/preprocessed_20251018_191740

============================================================
ГЕНЕРАЦИЯ ДАТАСЕТА С ЛИНЕЙНЫМ РАЗМЕЩЕНИЕМ
============================================================
Фонов: 3
Объектов: 12
Уровней grain: 4 [0, 5, 10, 15]
Изображений на комбинацию: 167
Режим размещения: Линии с группировкой
  - Линий на изображение: 1-3
  - Объектов в линии: 2-17
  - Вероятность группировки: 50%
  - Равномерное расстояние: 15-50 пикс
  - Расстояние между группами: 2-20x базового
  - Позиция ряда: случайная (без центрирования)
  - Масштаб объектов: 0.8x-1.2x
============================================================
ВСЕГО ИЗОБРАЖЕНИЙ: 2004
============================================================

Найдено 171 существующих изображений
Будут сгенерированы только недостающие


[Комбо 1/12] Фон: test_01 | Grain: 0
------------------------------------------------------------
[OK] Комбинация завершена: 167 изображений | Всего: 167/2004 | ETA: 0.0 мин

[Комбо 2/12] Фон: test_01 | Grain: 5
------------------------------------------------------------
  [Комбо:   3.0% | Всего:   8.6%] 5/167 | Объектов:  8
  [Комбо:  12.0% | Всего:   9.3%] 20/167 | Объектов: 16
  [Комбо:  24.0% | Всего:  10.3%] 40/167 | Объектов:  5
  [Комбо:  35.9% | Всего:  11.3%] 60/167 | Объектов: 11
  [Комбо:  47.9% | Всего:  12.3%] 80/167 | Объектов: 23
  [Комбо:  59.9% | Всего:  13.3%] 100/167 | Объектов: 26
  [Комбо:  71.9% | Всего:  14.3%] 120/167 | Объектов: 37
  [Комбо:  83.8% | Всего:  15.3%] 140/167 | Объектов: 13
  [Комбо:  95.8% | Всего:  16.3%] 160/167 | Объектов: 24
[OK] Комбинация завершена: 167 изображений | Всего: 334/2004 | ETA: 399.2 мин

[Комбо 3/12] Фон: test_01 | Grain: 10
------------------------------------------------------------
  [Комбо:   0.6% | Всего:  16.7%] 1/167 | Объектов: 24
  [Комбо:   1.2% | Всего:  16.8%] 2/167 | Объектов: 15
  [Комбо:   1.8% | Всего:  16.8%] 3/167 | Объектов: 13
  [Комбо:   2.4% | Всего:  16.9%] 4/167 | Объектов: 14
  [Комбо:   3.0% | Всего:  16.9%] 5/167 | Объектов: 16
  [Комбо:  12.0% | Всего:  17.7%] 20/167 | Объектов: 15
  [Комбо:  24.0% | Всего:  18.7%] 40/167 | Объектов: 15
  [Комбо:  35.9% | Всего:  19.7%] 60/167 | Объектов: 14
  [Комбо:  47.9% | Всего:  20.7%] 80/167 | Объектов: 27
  [Комбо:  59.9% | Всего:  21.7%] 100/167 | Объектов: 40
  [Комбо:  71.9% | Всего:  22.7%] 120/167 | Объектов:  4
  [Комбо:  83.8% | Всего:  23.7%] 140/167 | Объектов:  8
  [Комбо:  95.8% | Всего:  24.7%] 160/167 | Объектов: 15
[OK] Комбинация завершена: 167 изображений | Всего: 501/2004 | ETA: 480.9 мин

[Комбо 4/12] Фон: test_01 | Grain: 15
------------------------------------------------------------
  [Комбо:   0.6% | Всего:  25.0%] 1/167 | Объектов: 15
  [Комбо:   1.2% | Всего:  25.1%] 2/167 | Объектов:  9
  [Комбо:   1.8% | Всего:  25.1%] 3/167 | Объектов:  8
  [Комбо:   2.4% | Всего:  25.2%] 4/167 | Объектов: 14
  [Комбо:   3.0% | Всего:  25.2%] 5/167 | Объектов: 31
  [Комбо:  12.0% | Всего:  26.0%] 20/167 | Объектов: 11
  [Комбо:  24.0% | Всего:  27.0%] 40/167 | Объектов:  5
  [Комбо:  35.9% | Всего:  28.0%] 60/167 | Объектов:  9
  [Комбо:  47.9% | Всего:  29.0%] 80/167 | Объектов: 15
  [Комбо:  59.9% | Всего:  30.0%] 100/167 | Объектов:  5
  [Комбо:  71.9% | Всего:  31.0%] 120/167 | Объектов: 12
  [Комбо:  83.8% | Всего:  32.0%] 140/167 | Объектов: 28
  [Комбо:  95.8% | Всего:  33.0%] 160/167 | Объектов: 20
[OK] Комбинация завершена: 167 изображений | Всего: 668/2004 | ETA: 480.4 мин

[Комбо 5/12] Фон: test_03 | Grain: 0
------------------------------------------------------------
  [Комбо:   0.6% | Всего:  33.4%] 1/167 | Объектов:  7
  [Комбо:   1.2% | Всего:  33.4%] 2/167 | Объектов:  7
  [Комбо:   1.8% | Всего:  33.5%] 3/167 | Объектов: 16
  [Комбо:   2.4% | Всего:  33.5%] 4/167 | Объектов:  4
  [Комбо:   3.0% | Всего:  33.6%] 5/167 | Объектов: 19
  [Комбо:  12.0% | Всего:  34.3%] 20/167 | Объектов: 17
  [Комбо:  24.0% | Всего:  35.3%] 40/167 | Объектов: 31
  [Комбо:  35.9% | Всего:  36.3%] 60/167 | Объектов: 22
  [Комбо:  47.9% | Всего:  37.3%] 80/167 | Объектов: 14
  [Комбо:  59.9% | Всего:  38.3%] 100/167 | Объектов:  3
  [Комбо:  71.9% | Всего:  39.3%] 120/167 | Объектов: 18
  [Комбо:  83.8% | Всего:  40.3%] 140/167 | Объектов: 27
  [Комбо:  95.8% | Всего:  41.3%] 160/167 | Объектов: 18
[OK] Комбинация завершена: 167 изображений | Всего: 835/2004 | ETA: 336.6 мин

[Комбо 6/12] Фон: test_03 | Grain: 5
------------------------------------------------------------
  [Комбо:   0.6% | Всего:  41.7%] 1/167 | Объектов: 12
  [Комбо:   1.2% | Всего:  41.8%] 2/167 | Объектов:  7
  [Комбо:   1.8% | Всего:  41.8%] 3/167 | Объектов:  7
  [Комбо:   2.4% | Всего:  41.9%] 4/167 | Объектов:  9
  [Комбо:   3.0% | Всего:  41.9%] 5/167 | Объектов:  6
  [Комбо:  12.0% | Всего:  42.7%] 20/167 | Объектов: 16
  [Комбо:  24.0% | Всего:  43.7%] 40/167 | Объектов: 27
  [Комбо:  35.9% | Всего:  44.7%] 60/167 | Объектов: 15
  [Комбо:  47.9% | Всего:  45.7%] 80/167 | Объектов: 29
  [Комбо:  59.9% | Всего:  46.7%] 100/167 | Объектов: 11
  [Комбо:  71.9% | Всего:  47.7%] 120/167 | Объектов: 32
  [Комбо:  83.8% | Всего:  48.7%] 140/167 | Объектов:  5
  [Комбо:  95.8% | Всего:  49.7%] 160/167 | Объектов: 16
[OK] Комбинация завершена: 167 изображений | Всего: 1002/2004 | ETA: 320.2 мин

[Комбо 7/12] Фон: test_03 | Grain: 10
------------------------------------------------------------
  [Комбо:   0.6% | Всего:  50.0%] 1/167 | Объектов: 10
  [Комбо:   1.2% | Всего:  50.1%] 2/167 | Объектов: 15
  [Комбо:   1.8% | Всего:  50.1%] 3/167 | Объектов: 35
  [Комбо:   2.4% | Всего:  50.2%] 4/167 | Объектов: 36
  [Комбо:   3.0% | Всего:  50.2%] 5/167 | Объектов: 10
  [Комбо:  12.0% | Всего:  51.0%] 20/167 | Объектов: 11
  [Комбо:  24.0% | Всего:  52.0%] 40/167 | Объектов: 16
  [Комбо:  35.9% | Всего:  53.0%] 60/167 | Объектов: 10
  [Комбо:  47.9% | Всего:  54.0%] 80/167 | Объектов:  9
  [Комбо:  59.9% | Всего:  55.0%] 100/167 | Объектов: 14
  [Комбо:  71.9% | Всего:  56.0%] 120/167 | Объектов: 22
  [Комбо:  83.8% | Всего:  57.0%] 140/167 | Объектов: 16
  [Комбо:  95.8% | Всего:  58.0%] 160/167 | Объектов: 24
[OK] Комбинация завершена: 167 изображений | Всего: 1169/2004 | ETA: 287.1 мин

[Комбо 8/12] Фон: test_03 | Grain: 15
------------------------------------------------------------
  [Комбо:   0.6% | Всего:  58.4%] 1/167 | Объектов: 16
  [Комбо:   1.2% | Всего:  58.4%] 2/167 | Объектов:  7
  [Комбо:   1.8% | Всего:  58.5%] 3/167 | Объектов:  3
  [Комбо:   2.4% | Всего:  58.5%] 4/167 | Объектов: 22
  [Комбо:   3.0% | Всего:  58.6%] 5/167 | Объектов:  3
  [Комбо:  12.0% | Всего:  59.3%] 20/167 | Объектов: 12
  [Комбо:  24.0% | Всего:  60.3%] 40/167 | Объектов: 32
  [Комбо:  35.9% | Всего:  61.3%] 60/167 | Объектов: 35
  [Комбо:  47.9% | Всего:  62.3%] 80/167 | Объектов: 17
  [Комбо:  59.9% | Всего:  63.3%] 100/167 | Объектов: 21
  [Комбо:  71.9% | Всего:  64.3%] 120/167 | Объектов: 38
  [Комбо:  83.8% | Всего:  65.3%] 140/167 | Объектов: 41
  [Комбо:  95.8% | Всего:  66.3%] 160/167 | Объектов:  7
[OK] Комбинация завершена: 167 изображений | Всего: 1336/2004 | ETA: 242.4 мин

[Комбо 9/12] Фон: 2024_04_24_0po_Kleki | Grain: 0
------------------------------------------------------------
  [Комбо:   0.6% | Всего:  66.7%] 1/167 | Объектов: 23
  [Комбо:   1.2% | Всего:  66.8%] 2/167 | Объектов: 13
  [Комбо:   1.8% | Всего:  66.8%] 3/167 | Объектов: 24
  [Комбо:   2.4% | Всего:  66.9%] 4/167 | Объектов: 16
  [Комбо:   3.0% | Всего:  66.9%] 5/167 | Объектов: 29
  [Комбо:  12.0% | Всего:  67.7%] 20/167 | Объектов:  6
  [Комбо:  24.0% | Всего:  68.7%] 40/167 | Объектов: 24
  [Комбо:  35.9% | Всего:  69.7%] 60/167 | Объектов:  3
  [Комбо:  47.9% | Всего:  70.7%] 80/167 | Объектов: 14
  [Комбо:  59.9% | Всего:  71.7%] 100/167 | Объектов: 22
  [Комбо:  71.9% | Всего:  72.7%] 120/167 | Объектов: 21
  [Комбо:  83.8% | Всего:  73.7%] 140/167 | Объектов: 43
  [Комбо:  95.8% | Всего:  74.7%] 160/167 | Объектов: 23
[OK] Комбинация завершена: 167 изображений | Всего: 1503/2004 | ETA: 161.6 мин

[Комбо 10/12] Фон: 2024_04_24_0po_Kleki | Grain: 5
------------------------------------------------------------
  [Комбо:   0.6% | Всего:  75.0%] 1/167 | Объектов:  3
  [Комбо:   1.2% | Всего:  75.1%] 2/167 | Объектов: 18
  [Комбо:   1.8% | Всего:  75.1%] 3/167 | Объектов:  9
  [Комбо:   2.4% | Всего:  75.2%] 4/167 | Объектов: 34
  [Комбо:   3.0% | Всего:  75.2%] 5/167 | Объектов: 14
  [Комбо:  12.0% | Всего:  76.0%] 20/167 | Объектов:  7
  [Комбо:  24.0% | Всего:  77.0%] 40/167 | Объектов: 32
  [Комбо:  35.9% | Всего:  78.0%] 60/167 | Объектов: 12
  [Комбо:  47.9% | Всего:  79.0%] 80/167 | Объектов: 28
  [Комбо:  59.9% | Всего:  80.0%] 100/167 | Объектов: 11
  [Комбо:  71.9% | Всего:  81.0%] 120/167 | Объектов: 47
  [Комбо:  83.8% | Всего:  82.0%] 140/167 | Объектов: 28
  [Комбо:  95.8% | Всего:  83.0%] 160/167 | Объектов:  9
[OK] Комбинация завершена: 167 изображений | Всего: 1670/2004 | ETA: 99.3 мин

[Комбо 11/12] Фон: 2024_04_24_0po_Kleki | Grain: 10
------------------------------------------------------------
  [Комбо:   0.6% | Всего:  83.4%] 1/167 | Объектов: 24
  [Комбо:   1.2% | Всего:  83.4%] 2/167 | Объектов: 31
  [Комбо:   1.8% | Всего:  83.5%] 3/167 | Объектов:  5
  [Комбо:   2.4% | Всего:  83.5%] 4/167 | Объектов: 21
  [Комбо:   3.0% | Всего:  83.6%] 5/167 | Объектов: 27
  [Комбо:  12.0% | Всего:  84.3%] 20/167 | Объектов: 21
  [Комбо:  24.0% | Всего:  85.3%] 40/167 | Объектов: 16
  [Комбо:  35.9% | Всего:  86.3%] 60/167 | Объектов: 18
  [Комбо:  47.9% | Всего:  87.3%] 80/167 | Объектов: 21
  [Комбо:  59.9% | Всего:  88.3%] 100/167 | Объектов: 11
  [Комбо:  71.9% | Всего:  89.3%] 120/167 | Объектов:  4
  [Комбо:  83.8% | Всего:  90.3%] 140/167 | Объектов:  4
  [Комбо:  95.8% | Всего:  91.3%] 160/167 | Объектов: 27
[OK] Комбинация завершена: 167 изображений | Всего: 1837/2004 | ETA: 46.2 мин

[Комбо 12/12] Фон: 2024_04_24_0po_Kleki | Grain: 15
------------------------------------------------------------
  [Комбо:   0.6% | Всего:  91.7%] 1/167 | Объектов: 21
  [Комбо:   1.2% | Всего:  91.8%] 2/167 | Объектов: 16
  [Комбо:   1.8% | Всего:  91.8%] 3/167 | Объектов: 17
  [Комбо:   2.4% | Всего:  91.9%] 4/167 | Объектов: 22
  [Комбо:   3.0% | Всего:  91.9%] 5/167 | Объектов: 30
  [Комбо:  12.0% | Всего:  92.7%] 20/167 | Объектов: 16
  [Комбо:  24.0% | Всего:  93.7%] 40/167 | Объектов: 18
  [Комбо:  35.9% | Всего:  94.7%] 60/167 | Объектов: 15
  [Комбо:  47.9% | Всего:  95.7%] 80/167 | Объектов: 22
  [Комбо:  59.9% | Всего:  96.7%] 100/167 | Объектов: 18
  [Комбо:  71.9% | Всего:  97.7%] 120/167 | Объектов: 20
  [Комбо:  83.8% | Всего:  98.7%] 140/167 | Объектов:  8
  [Комбо:  95.8% | Всего:  99.7%] 160/167 | Объектов:  5
[OK] Комбинация завершена: 167 изображений | Всего: 2004/2004 | ETA: 0.0 мин

============================================================
ГЕНЕРАЦИЯ ЗАВЕРШЕНА!
============================================================
Сгенерировано новых изображений: 1833
Всего изображений в train: 2004
Время генерации: 519.5 минут (31170 сек)
Скорость: 0.06 изображений/сек
Выходная директория: data/yolo_dataset
============================================================

